[debug] [2026-04-04T21:04:54.882Z] ----------------------------------------------------------------------
[debug] [2026-04-04T21:04:54.884Z] Command:       /opt/anaconda3/envs/gubbu_gem/bin/node /opt/homebrew/bin/firebase deploy --only hosting --project ghibli-studio-1775332583
[debug] [2026-04-04T21:04:54.884Z] CLI Version:   15.4.0
[debug] [2026-04-04T21:04:54.884Z] Platform:      darwin
[debug] [2026-04-04T21:04:54.884Z] Node Version:  v25.2.1
[debug] [2026-04-04T21:04:54.884Z] Time:          Sat Apr 04 2026 17:04:54 GMT-0400 (Eastern Daylight Time)
[debug] [2026-04-04T21:04:54.884Z] ----------------------------------------------------------------------
[debug] 
[debug] [2026-04-04T21:04:55.598Z] > command requires scopes: ["email","openid","https://www.googleapis.com/auth/cloudplatformprojects.readonly","https://www.googleapis.com/auth/firebase","https://www.googleapis.com/auth/cloud-platform"]
[debug] [2026-04-04T21:04:55.598Z] > authorizing via signed-in user (kishorekalaj@gmail.com)
[debug] [2026-04-04T21:04:55.598Z] [iam] checking project ghibli-studio-1775332583 for permissions ["firebase.projects.get","firebasehosting.sites.update"]
[debug] [2026-04-04T21:04:55.599Z] Checked if tokens are valid: true, expires at: 1775340261559
[debug] [2026-04-04T21:04:55.599Z] Checked if tokens are valid: true, expires at: 1775340261559
[debug] [2026-04-04T21:04:55.599Z] >>> [apiv2][query] POST https://cloudresourcemanager.googleapis.com/v1/projects/ghibli-studio-1775332583:testIamPermissions [none]
[debug] [2026-04-04T21:04:55.599Z] >>> [apiv2][(partial)header] POST https://cloudresourcemanager.googleapis.com/v1/projects/ghibli-studio-1775332583:testIamPermissions x-goog-quota-user=projects/ghibli-studio-1775332583
[debug] [2026-04-04T21:04:55.599Z] >>> [apiv2][body] POST https://cloudresourcemanager.googleapis.com/v1/projects/ghibli-studio-1775332583:testIamPermissions {"permissions":["firebase.projects.get","firebasehosting.sites.update"]}
[debug] [2026-04-04T21:04:56.019Z] <<< [apiv2][status] POST https://cloudresourcemanager.googleapis.com/v1/projects/ghibli-studio-1775332583:testIamPermissions 200
[debug] [2026-04-04T21:04:56.019Z] <<< [apiv2][body] POST https://cloudresourcemanager.googleapis.com/v1/projects/ghibli-studio-1775332583:testIamPermissions {}
[debug] [2026-04-04T21:04:56.019Z] [iam] error while checking permissions, command may fail: Authorization failed. This account is missing the following required permissions on project ghibli-studio-1775332583:

  firebase.projects.get
  firebasehosting.sites.update
[debug] [2026-04-04T21:04:56.019Z] Checked if tokens are valid: true, expires at: 1775340261559
[debug] [2026-04-04T21:04:56.019Z] Checked if tokens are valid: true, expires at: 1775340261559
[debug] [2026-04-04T21:04:56.019Z] >>> [apiv2][query] GET https://firebase.googleapis.com/v1beta1/projects/ghibli-studio-1775332583 [none]
[debug] [2026-04-04T21:04:56.203Z] <<< [apiv2][status] GET https://firebase.googleapis.com/v1beta1/projects/ghibli-studio-1775332583 403
[debug] [2026-04-04T21:04:56.203Z] <<< [apiv2][body] GET https://firebase.googleapis.com/v1beta1/projects/ghibli-studio-1775332583 {"error":{"code":403,"message":"The caller does not have permission","status":"PERMISSION_DENIED"}}
[debug] [2026-04-04T21:04:56.204Z] Request to https://firebase.googleapis.com/v1beta1/projects/ghibli-studio-1775332583 had HTTP Error: 403, The caller does not have permission
[debug] [2026-04-04T21:04:56.289Z] FirebaseError: Request to https://firebase.googleapis.com/v1beta1/projects/ghibli-studio-1775332583 had HTTP Error: 403, The caller does not have permission
    at responseToError (/opt/homebrew/lib/node_modules/firebase-tools/lib/responseToError.js:53:12)
    at RetryOperation._fn (/opt/homebrew/lib/node_modules/firebase-tools/lib/apiv2.js:325:77)
    at process.processTicksAndRejections (node:internal/process/task_queues:103:5)
[error] 
[error] Error: Failed to get Firebase project ghibli-studio-1775332583. Please make sure the project exists and your account has permission to access it.
